\BOOKMARK [0][-]{chapter.1}{Introduction}{}% 1
\BOOKMARK [1][-]{section.1.1}{Motivation}{chapter.1}% 2
\BOOKMARK [1][-]{section.1.2}{Objectives}{chapter.1}% 3
\BOOKMARK [1][-]{section.1.3}{Personal Contributions}{chapter.1}% 4
\BOOKMARK [1][-]{section.1.4}{Thesis Outline}{chapter.1}% 5
\BOOKMARK [0][-]{chapter.2}{State of the art}{}% 6
\BOOKMARK [1][-]{section.2.1}{Windows Subsystem for Linux}{chapter.2}% 7
\BOOKMARK [2][-]{subsection.2.1.1}{Minimal Processes and Pico Processes}{section.2.1}% 8
\BOOKMARK [2][-]{subsection.2.1.2}{Pico Providers}{section.2.1}% 9
\BOOKMARK [2][-]{subsection.2.1.3}{WSL Components}{section.2.1}% 10
\BOOKMARK [2][-]{subsection.2.1.4}{WSL File Systems}{section.2.1}% 11
\BOOKMARK [2][-]{subsection.2.1.5}{Security Issues}{section.2.1}% 12
\BOOKMARK [1][-]{section.2.2}{Malware, Bashware and Exploits}{chapter.2}% 13
\BOOKMARK [2][-]{subsection.2.2.1}{execve exploit}{section.2.2}% 14
\BOOKMARK [2][-]{subsection.2.2.2}{File Infector}{section.2.2}% 15
\BOOKMARK [2][-]{subsection.2.2.3}{Local Denial of Service}{section.2.2}% 16
\BOOKMARK [1][-]{section.2.3}{Behavioral Detection}{chapter.2}% 17
\BOOKMARK [0][-]{chapter.3}{Used technologies}{}% 18
\BOOKMARK [1][-]{section.3.1}{Minifilter Drivers}{chapter.3}% 19
\BOOKMARK [1][-]{section.3.2}{C++ in Kernel Drivers}{chapter.3}% 20
\BOOKMARK [1][-]{section.3.3}{.NET Framework}{chapter.3}% 21
\BOOKMARK [1][-]{section.3.4}{C++/CLI}{chapter.3}% 22
\BOOKMARK [0][-]{chapter.4}{Architecture}{}% 23
\BOOKMARK [1][-]{section.4.1}{High Level Overview}{chapter.4}% 24
\BOOKMARK [2][-]{subsection.4.1.1}{wslmon}{section.4.1}% 25
\BOOKMARK [2][-]{subsection.4.1.2}{wslam}{section.4.1}% 26
\BOOKMARK [1][-]{section.4.2}{SDK Architecture}{chapter.4}% 27
\BOOKMARK [2][-]{subsection.4.2.1}{Process Filter and Process Collector}{section.4.2}% 28
\BOOKMARK [2][-]{subsection.4.2.2}{File Filter}{section.4.2}% 29
\BOOKMARK [1][-]{section.4.3}{Integration Architecture}{chapter.4}% 30
\BOOKMARK [0][-]{chapter.5}{Implementation Details}{}% 31
\BOOKMARK [1][-]{section.5.1}{Activity Monitoring}{chapter.5}% 32
\BOOKMARK [2][-]{subsection.5.1.1}{Process Monitoring}{section.5.1}% 33
\BOOKMARK [2][-]{subsection.5.1.2}{File System Activity Monitoring}{section.5.1}% 34
\BOOKMARK [1][-]{section.5.2}{Communication}{chapter.5}% 35
\BOOKMARK [1][-]{section.5.3}{Detection Flow}{chapter.5}% 36
\BOOKMARK [1][-]{section.5.4}{C++ Memory Allocation Framework in the Kernel}{chapter.5}% 37
\BOOKMARK [1][-]{section.5.5}{Application Tracing and Instrumentation}{chapter.5}% 38
\BOOKMARK [0][-]{chapter.6}{Testing}{}% 39
\BOOKMARK [1][-]{section.6.1}{Whitebox Testing}{chapter.6}% 40
\BOOKMARK [1][-]{section.6.2}{Blackbox testing}{chapter.6}% 41
\BOOKMARK [1][-]{section.6.3}{Static Code Analysis}{chapter.6}% 42
\BOOKMARK [1][-]{section.6.4}{WHQL Testing}{chapter.6}% 43
\BOOKMARK [0][-]{chapter.7}{Heuristics and Detection Algorithms}{}% 44
\BOOKMARK [1][-]{section.7.1}{Privilege Escalation Detection}{chapter.7}% 45
\BOOKMARK [1][-]{section.7.2}{File Infectors and Droppers Detection}{chapter.7}% 46
\BOOKMARK [0][-]{chapter.8}{Possible improvements}{}% 47
\BOOKMARK [1][-]{section.8.1}{Performance}{chapter.8}% 48
\BOOKMARK [1][-]{section.8.2}{Detection}{chapter.8}% 49
\BOOKMARK [1][-]{section.8.3}{Reverting malicious actions}{chapter.8}% 50
\BOOKMARK [1][-]{section.8.4}{Network Filtering}{chapter.8}% 51
\BOOKMARK [1][-]{section.8.5}{User-Mode Hooking Framework}{chapter.8}% 52
\BOOKMARK [0][-]{chapter.9}{Conclusion}{}% 53
\BOOKMARK [0][-]{chapter*.59}{References}{}% 54
